<?xml version="1.0" encoding="UTF-8"?>
<testng-results skipped="0" failed="0" ignored="0" total="2" passed="2">
  <reporter-output>
  </reporter-output>
  <suite name="Suite" duration-ms="14619" started-at="2021-08-04T23:07:34 EDT" finished-at="2021-08-04T23:07:49 EDT">
    <groups>
      <group name="cucumber">
        <method signature="AbstractTestNGCucumberTests.runScenario(io.cucumber.testng.PickleWrapper,io.cucumber.testng.FeatureWrapper)[pri:0, instance:com.runner.MYRunnerFile@1d29cf23]" name="runScenario" class="io.cucumber.testng.AbstractTestNGCucumberTests"/>
      </group> <!-- cucumber -->
    </groups>
    <test name="Test" duration-ms="14619" started-at="2021-08-04T23:07:34 EDT" finished-at="2021-08-04T23:07:49 EDT">
      <class name="com.runner.MYRunnerFile">
        <test-method status="PASS" signature="getsetup()[pri:0, instance:com.runner.MYRunnerFile@1d29cf23]" name="getsetup" is-config="true" duration-ms="10" started-at="2021-08-04T23:07:34 EDT" finished-at="2021-08-04T23:07:34 EDT">
          <reporter-output>
          </reporter-output>
        </test-method> <!-- getsetup -->
        <test-method status="PASS" signature="setUpClass()[pri:0, instance:com.runner.MYRunnerFile@1d29cf23]" name="setUpClass" is-config="true" duration-ms="458" started-at="2021-08-04T23:07:34 EDT" finished-at="2021-08-04T23:07:35 EDT">
          <reporter-output>
          </reporter-output>
        </test-method> <!-- setUpClass -->
        <test-method status="PASS" signature="runScenario(io.cucumber.testng.PickleWrapper,io.cucumber.testng.FeatureWrapper)[pri:0, instance:com.runner.MYRunnerFile@1d29cf23]" name="runScenario" duration-ms="12633" started-at="2021-08-04T23:07:35 EDT" description="Runs Cucumber Scenarios" data-provider="scenarios" finished-at="2021-08-04T23:07:47 EDT">
          <params>
            <param index="0">
              <value>
                <![CDATA["As Automation user,i can Successfully login with valid credential"]]>
              </value>
            </param>
            <param index="1">
              <value>
                <![CDATA["Optional[login function testing]"]]>
              </value>
            </param>
          </params>
          <reporter-output>
          </reporter-output>
        </test-method> <!-- runScenario -->
        <test-method status="PASS" signature="getlogin()[pri:0, instance:com.runner.MYRunnerFile@1d29cf23]" name="getlogin" duration-ms="0" started-at="2021-08-04T23:07:47 EDT" finished-at="2021-08-04T23:07:47 EDT">
          <reporter-output>
          </reporter-output>
        </test-method> <!-- getlogin -->
        <test-method status="PASS" signature="tearDownClass()[pri:0, instance:com.runner.MYRunnerFile@1d29cf23]" name="tearDownClass" is-config="true" duration-ms="1485" started-at="2021-08-04T23:07:47 EDT" finished-at="2021-08-04T23:07:49 EDT">
          <reporter-output>
          </reporter-output>
        </test-method> <!-- tearDownClass -->
        <test-method status="PASS" signature="teardown()[pri:0, instance:com.runner.MYRunnerFile@1d29cf23]" name="teardown" is-config="true" duration-ms="0" started-at="2021-08-04T23:07:49 EDT" finished-at="2021-08-04T23:07:49 EDT">
          <reporter-output>
          </reporter-output>
        </test-method> <!-- teardown -->
      </class> <!-- com.runner.MYRunnerFile -->
    </test> <!-- Test -->
  </suite> <!-- Suite -->
</testng-results>
