<?xml version="1.0" encoding="UTF-8"?>
<testng-results ignored="0" total="1" passed="1" failed="0" skipped="0">
  <reporter-output>
  </reporter-output>
  <suite started-at="2021-08-04T12:36:03 EDT" name="Suite" finished-at="2021-08-04T12:36:15 EDT" duration-ms="11806">
    <groups>
    </groups>
    <test started-at="2021-08-04T12:36:03 EDT" name="Test" finished-at="2021-08-04T12:36:15 EDT" duration-ms="11806">
      <class name="com.smoke.SmokeTest">
        <test-method is-config="true" signature="setup()[pri:0, instance:com.smoke.SmokeTest@4de4b452]" started-at="2021-08-04T12:36:03 EDT" name="setup" finished-at="2021-08-04T12:36:03 EDT" duration-ms="226" status="PASS">
          <reporter-output>
          </reporter-output>
        </test-method> <!-- setup -->
        <test-method signature="logintest()[pri:0, instance:com.smoke.SmokeTest@4de4b452]" started-at="2021-08-04T12:36:03 EDT" name="logintest" finished-at="2021-08-04T12:36:14 EDT" duration-ms="10633" status="PASS">
          <reporter-output>
          </reporter-output>
        </test-method> <!-- logintest -->
        <test-method is-config="true" signature="teardown()[pri:0, instance:com.smoke.SmokeTest@4de4b452]" started-at="2021-08-04T12:36:14 EDT" name="teardown" finished-at="2021-08-04T12:36:15 EDT" duration-ms="921" status="PASS">
          <reporter-output>
          </reporter-output>
        </test-method> <!-- teardown -->
      </class> <!-- com.smoke.SmokeTest -->
    </test> <!-- Test -->
  </suite> <!-- Suite -->
</testng-results>
